# JRE version: OpenJDK Runtime Environment Temurin-21.0.11+10 (21.0.11+10) (build 21.0.11+10-LTS)
# Java VM: OpenJDK 64-Bit Server VM Temurin-21.0.11+10 (21.0.11+10-LTS, mixed mode, sharing, tiered, compressed oops, compressed class ptrs, parallel gc, windows-amd64)
GC Precious Log:
 CardTable entry size: 512
 CPUs: 12 total, 12 available
 Memory: 16091M
 Large Page Support: Disabled
 NUMA Support: Disabled
 Compressed Oops: Enabled (32-bit)
 Alignments: Space 512K, Generation 512K, Heap 2M
 Heap Min Capacity: 100M
 Heap Initial Capacity: 100M
 Heap Max Capacity: 2G
 Pre-touch: Disabled
 Parallel Workers: 10
Heap:
 PSYoungGen      total 9216K, used 5875K [0x00000000d5580000, 0x00000000d6080000, 0x0000000100000000)
  eden space 8192K, 59% used [0x00000000d5580000,0x00000000d5a40960,0x00000000d5d80000)
  from space 1024K, 98% used [0x00000000d5f00000,0x00000000d5ffc598,0x00000000d6000000)
  to   space 1536K, 0% used [0x00000000d5d80000,0x00000000d5d80000,0x00000000d5f00000)
 ParOldGen       total 94208K, used 93709K [0x0000000080000000, 0x0000000085c00000, 0x00000000d5580000)
  object space 94208K, 99% used [0x0000000080000000,0x0000000085b83510,0x0000000085c00000)
 Metaspace       used 85805K, committed 87488K, reserved 1179648K
  class space    used 9584K, committed 10304K, reserved 1048576K
GC Heap History (20 events):
Event: 8369.955 GC heap before
{Heap before GC invocations=80 (full 3):
 PSYoungGen      total 9728K, used 9169K [0x00000000d5580000, 0x00000000d6080000, 0x0000000100000000)
  eden space 8192K, 100% used [0x00000000d5580000,0x00000000d5d80000,0x00000000d5d80000)
  from space 1536K, 63% used [0x00000000d5f00000,0x00000000d5ff4700,0x00000000d6080000)
  to   space 1536K, 0% used [0x00000000d5d80000,0x00000000d5d80000,0x00000000d5f00000)
 ParOldGen       total 88064K, used 87866K [0x0000000080000000, 0x0000000085600000, 0x00000000d5580000)
  object space 88064K, 99% used [0x0000000080000000,0x00000000855ce860,0x0000000085600000)
 Metaspace       used 84603K, committed 86272K, reserved 1179648K
  class space    used 9503K, committed 10240K, reserved 1048576K
}
Event: 8369.960 GC heap after
{Heap after GC invocations=80 (full 3):
 PSYoungGen      total 9216K, used 928K [0x00000000d5580000, 0x00000000d5f80000, 0x0000000100000000)
  eden space 8192K, 0% used [0x00000000d5580000,0x00000000d5580000,0x00000000d5d80000)
  from space 1024K, 90% used [0x00000000d5d80000,0x00000000d5e68000,0x00000000d5e80000)
  to   space 1024K, 0% used [0x00000000d5e80000,0x00000000d5e80000,0x00000000d5f80000)
 ParOldGen       total 89088K, used 88585K [0x0000000080000000, 0x0000000085700000, 0x00000000d5580000)
  object space 89088K, 99% used [0x0000000080000000,0x0000000085682410,0x0000000085700000)
 Metaspace       used 84603K, committed 86272K, reserved 1179648K
  class space    used 9503K, committed 10240K, reserved 1048576K
}
Event: 8370.042 GC heap before
{Heap before GC invocations=81 (full 3):
 PSYoungGen      total 9216K, used 9120K [0x00000000d5580000, 0x00000000d5f80000, 0x0000000100000000)
  eden space 8192K, 100% used [0x00000000d5580000,0x00000000d5d80000,0x00000000d5d80000)
  from space 1024K, 90% used [0x00000000d5d80000,0x00000000d5e68000,0x00000000d5e80000)
  to   space 1024K, 0% used [0x00000000d5e80000,0x00000000d5e80000,0x00000000d5f80000)
 ParOldGen       total 89088K, used 88585K [0x0000000080000000, 0x0000000085700000, 0x00000000d5580000)
  object space 89088K, 99% used [0x0000000080000000,0x0000000085682410,0x0000000085700000)
 Metaspace       used 85082K, committed 86784K, reserved 1179648K
  class space    used 9579K, committed 10304K, reserved 1048576K
}
Event: 8370.044 GC heap after
{Heap after GC invocations=81 (full 3):
 PSYoungGen      total 9216K, used 352K [0x00000000d5580000, 0x00000000d5f80000, 0x0000000100000000)
  eden space 8192K, 0% used [0x00000000d5580000,0x00000000d5580000,0x00000000d5d80000)
  from space 1024K, 34% used [0x00000000d5e80000,0x00000000d5ed8000,0x00000000d5f80000)
  to   space 1024K, 0% used [0x00000000d5d80000,0x00000000d5d80000,0x00000000d5e80000)
 ParOldGen       total 89600K, used 89339K [0x0000000080000000, 0x0000000085780000, 0x00000000d5580000)
  object space 89600K, 99% used [0x0000000080000000,0x000000008573ec90,0x0000000085780000)
 Metaspace       used 85082K, committed 86784K, reserved 1179648K
  class space    used 9579K, committed 10304K, reserved 1048576K
}
Event: 8370.099 GC heap before
{Heap before GC invocations=82 (full 3):
 PSYoungGen      total 9216K, used 8544K [0x00000000d5580000, 0x00000000d5f80000, 0x0000000100000000)
  eden space 8192K, 100% used [0x00000000d5580000,0x00000000d5d80000,0x00000000d5d80000)
  from space 1024K, 34% used [0x00000000d5e80000,0x00000000d5ed8000,0x00000000d5f80000)
  to   space 1024K, 0% used [0x00000000d5d80000,0x00000000d5d80000,0x00000000d5e80000)
 ParOldGen       total 89600K, used 89339K [0x0000000080000000, 0x0000000085780000, 0x00000000d5580000)
  object space 89600K, 99% used [0x0000000080000000,0x000000008573ec90,0x0000000085780000)
 Metaspace       used 85114K, committed 86848K, reserved 1179648K
  class space    used 9579K, committed 10304K, reserved 1048576K
}
Event: 8370.101 GC heap after
{Heap after GC invocations=82 (full 3):
 PSYoungGen      total 9216K, used 993K [0x00000000d5580000, 0x00000000d6280000, 0x0000000100000000)
  eden space 8192K, 0% used [0x00000000d5580000,0x00000000d5580000,0x00000000d5d80000)
  from space 1024K, 97% used [0x00000000d5d80000,0x00000000d5e78588,0x00000000d5e80000)
  to   space 2560K, 0% used [0x00000000d6000000,0x00000000d6000000,0x00000000d6280000)
 ParOldGen       total 90624K, used 90176K [0x0000000080000000, 0x0000000085880000, 0x00000000d5580000)
  object space 90624K, 99% used [0x0000000080000000,0x00000000858100b0,0x0000000085880000)
 Metaspace       used 85114K, committed 86848K, reserved 1179648K
  class space    used 9579K, committed 10304K, reserved 1048576K
}
Event: 8370.177 GC heap before
{Heap before GC invocations=83 (full 3):
 PSYoungGen      total 9216K, used 9185K [0x00000000d5580000, 0x00000000d6280000, 0x0000000100000000)
  eden space 8192K, 100% used [0x00000000d5580000,0x00000000d5d80000,0x00000000d5d80000)
  from space 1024K, 97% used [0x00000000d5d80000,0x00000000d5e78588,0x00000000d5e80000)
  to   space 2560K, 0% used [0x00000000d6000000,0x00000000d6000000,0x00000000d6280000)
 ParOldGen       total 90624K, used 90176K [0x0000000080000000, 0x0000000085880000, 0x00000000d5580000)
  object space 90624K, 99% used [0x0000000080000000,0x00000000858100b0,0x0000000085880000)
 Metaspace       used 85193K, committed 86912K, reserved 1179648K
  class space    used 9583K, committed 10304K, reserved 1048576K
}
Event: 8370.180 GC heap after
{Heap after GC invocations=83 (full 3):
 PSYoungGen      total 10752K, used 2021K [0x00000000d5580000, 0x00000000d6280000, 0x0000000100000000)
  eden space 8192K, 0% used [0x00000000d5580000,0x00000000d5580000,0x00000000d5d80000)
  from space 2560K, 78% used [0x00000000d6000000,0x00000000d61f95f0,0x00000000d6280000)
  to   space 2560K, 0% used [0x00000000d5d80000,0x00000000d5d80000,0x00000000d6000000)
 ParOldGen       total 91648K, used 91300K [0x0000000080000000, 0x0000000085980000, 0x00000000d5580000)
  object space 91648K, 99% used [0x0000000080000000,0x0000000085929210,0x0000000085980000)
 Metaspace       used 85193K, committed 86912K, reserved 1179648K
  class space    used 9583K, committed 10304K, reserved 1048576K
}
Event: 8370.231 GC heap before
{Heap before GC invocations=84 (full 3):
 PSYoungGen      total 10752K, used 10213K [0x00000000d5580000, 0x00000000d6280000, 0x0000000100000000)
  eden space 8192K, 100% used [0x00000000d5580000,0x00000000d5d80000,0x00000000d5d80000)
  from space 2560K, 78% used [0x00000000d6000000,0x00000000d61f95f0,0x00000000d6280000)
  to   space 2560K, 0% used [0x00000000d5d80000,0x00000000d5d80000,0x00000000d6000000)
 ParOldGen       total 91648K, used 91300K [0x0000000080000000, 0x0000000085980000, 0x00000000d5580000)
  object space 91648K, 99% used [0x0000000080000000,0x0000000085929210,0x0000000085980000)
 Metaspace       used 85294K, committed 86976K, reserved 1179648K
  class space    used 9583K, committed 10304K, reserved 1048576K
}
Event: 8370.233 GC heap after
{Heap after GC invocations=84 (full 3):
 PSYoungGen      total 8704K, used 224K [0x00000000d5580000, 0x00000000d6080000, 0x0000000100000000)
  eden space 8192K, 0% used [0x00000000d5580000,0x00000000d5580000,0x00000000d5d80000)
  from space 512K, 43% used [0x00000000d5d80000,0x00000000d5db8000,0x00000000d5e00000)
  to   space 1024K, 0% used [0x00000000d5f80000,0x00000000d5f80000,0x00000000d6080000)
 ParOldGen       total 93184K, used 92963K [0x0000000080000000, 0x0000000085b00000, 0x00000000d5580000)
  object space 93184K, 99% used [0x0000000080000000,0x0000000085ac8f98,0x0000000085b00000)
 Metaspace       used 85294K, committed 86976K, reserved 1179648K
  class space    used 9583K, committed 10304K, reserved 1048576K
}
Event: 8370.300 GC heap before
{Heap before GC invocations=85 (full 3):
 PSYoungGen      total 8704K, used 8416K [0x00000000d5580000, 0x00000000d6080000, 0x0000000100000000)
  eden space 8192K, 100% used [0x00000000d5580000,0x00000000d5d80000,0x00000000d5d80000)
  from space 512K, 43% used [0x00000000d5d80000,0x00000000d5db8000,0x00000000d5e00000)
  to   space 1024K, 0% used [0x00000000d5f80000,0x00000000d5f80000,0x00000000d6080000)
 ParOldGen       total 93184K, used 92963K [0x0000000080000000, 0x0000000085b00000, 0x00000000d5580000)
  object space 93184K, 99% used [0x0000000080000000,0x0000000085ac8f98,0x0000000085b00000)
 Metaspace       used 85478K, committed 87168K, reserved 1179648K
  class space    used 9583K, committed 10304K, reserved 1048576K
}
Event: 8370.301 GC heap after
{Heap after GC invocations=85 (full 3):
 PSYoungGen      total 8704K, used 288K [0x00000000d5580000, 0x00000000d6000000, 0x0000000100000000)
  eden space 8192K, 0% used [0x00000000d5580000,0x00000000d5580000,0x00000000d5d80000)
  from space 512K, 56% used [0x00000000d5f80000,0x00000000d5fc8000,0x00000000d6000000)
  to   space 512K, 0% used [0x00000000d5d80000,0x00000000d5d80000,0x00000000d5e00000)
 ParOldGen       total 93184K, used 93019K [0x0000000080000000, 0x0000000085b00000, 0x00000000d5580000)
  object space 93184K, 99% used [0x0000000080000000,0x0000000085ad6f98,0x0000000085b00000)
 Metaspace       used 85478K, committed 87168K, reserved 1179648K
  class space    used 9583K, committed 10304K, reserved 1048576K
}
Event: 8370.375 GC heap before
{Heap before GC invocations=86 (full 3):
 PSYoungGen      total 8704K, used 8480K [0x00000000d5580000, 0x00000000d6000000, 0x0000000100000000)
  eden space 8192K, 100% used [0x00000000d5580000,0x00000000d5d80000,0x00000000d5d80000)
  from space 512K, 56% used [0x00000000d5f80000,0x00000000d5fc8000,0x00000000d6000000)
  to   space 512K, 0% used [0x00000000d5d80000,0x00000000d5d80000,0x00000000d5e00000)
 ParOldGen       total 93184K, used 93019K [0x0000000080000000, 0x0000000085b00000, 0x00000000d5580000)
  object space 93184K, 99% used [0x0000000080000000,0x0000000085ad6f98,0x0000000085b00000)
 Metaspace       used 85529K, committed 87232K, reserved 1179648K
  class space    used 9583K, committed 10304K, reserved 1048576K
}
Event: 8370.376 GC heap after
{Heap after GC invocations=86 (full 3):
 PSYoungGen      total 8704K, used 337K [0x00000000d5580000, 0x00000000d6000000, 0x0000000100000000)
  eden space 8192K, 0% used [0x00000000d5580000,0x00000000d5580000,0x00000000d5d80000)
  from space 512K, 65% used [0x00000000d5d80000,0x00000000d5dd4578,0x00000000d5e00000)
  to   space 512K, 0% used [0x00000000d5f80000,0x00000000d5f80000,0x00000000d6000000)
 ParOldGen       total 93184K, used 93091K [0x0000000080000000, 0x0000000085b00000, 0x00000000d5580000)
  object space 93184K, 99% used [0x0000000080000000,0x0000000085ae8f98,0x0000000085b00000)
 Metaspace       used 85529K, committed 87232K, reserved 1179648K
  class space    used 9583K, committed 10304K, reserved 1048576K
}
Event: 8372.113 GC heap before
{Heap before GC invocations=87 (full 3):
 PSYoungGen      total 8704K, used 8529K [0x00000000d5580000, 0x00000000d6000000, 0x0000000100000000)
  eden space 8192K, 99% used [0x00000000d5580000,0x00000000d5d7ffd8,0x00000000d5d80000)
  from space 512K, 65% used [0x00000000d5d80000,0x00000000d5dd4578,0x00000000d5e00000)
  to   space 512K, 0% used [0x00000000d5f80000,0x00000000d5f80000,0x00000000d6000000)
 ParOldGen       total 93184K, used 93091K [0x0000000080000000, 0x0000000085b00000, 0x00000000d5580000)
  object space 93184K, 99% used [0x0000000080000000,0x0000000085ae8f98,0x0000000085b00000)
 Metaspace       used 85621K, committed 87296K, reserved 1179648K
  class space    used 9583K, committed 10304K, reserved 1048576K
}
Event: 8372.124 GC heap after
{Heap after GC invocations=87 (full 3):
 PSYoungGen      total 8704K, used 512K [0x00000000d5580000, 0x00000000d6000000, 0x0000000100000000)
  eden space 8192K, 0% used [0x00000000d5580000,0x00000000d5580000,0x00000000d5d80000)
  from space 512K, 100% used [0x00000000d5f80000,0x00000000d6000000,0x00000000d6000000)
  to   space 1024K, 0% used [0x00000000d5e00000,0x00000000d5e00000,0x00000000d5f00000)
 ParOldGen       total 93696K, used 93253K [0x0000000080000000, 0x0000000085b80000, 0x00000000d5580000)
  object space 93696K, 99% used [0x0000000080000000,0x0000000085b11510,0x0000000085b80000)
 Metaspace       used 85621K, committed 87296K, reserved 1179648K
  class space    used 9583K, committed 10304K, reserved 1048576K
}
Event: 8372.221 GC heap before
{Heap before GC invocations=88 (full 3):
 PSYoungGen      total 8704K, used 8704K [0x00000000d5580000, 0x00000000d6000000, 0x0000000100000000)
  eden space 8192K, 100% used [0x00000000d5580000,0x00000000d5d80000,0x00000000d5d80000)
  from space 512K, 100% used [0x00000000d5f80000,0x00000000d6000000,0x00000000d6000000)
  to   space 1024K, 0% used [0x00000000d5e00000,0x00000000d5e00000,0x00000000d5f00000)
 ParOldGen       total 93696K, used 93253K [0x0000000080000000, 0x0000000085b80000, 0x00000000d5580000)
  object space 93696K, 99% used [0x0000000080000000,0x0000000085b11510,0x0000000085b80000)
 Metaspace       used 85687K, committed 87360K, reserved 1179648K
  class space    used 9584K, committed 10304K, reserved 1048576K
}
Event: 8372.224 GC heap after
{Heap after GC invocations=88 (full 3):
 PSYoungGen      total 9216K, used 689K [0x00000000d5580000, 0x00000000d6000000, 0x0000000100000000)
  eden space 8192K, 0% used [0x00000000d5580000,0x00000000d5580000,0x00000000d5d80000)
  from space 1024K, 67% used [0x00000000d5e00000,0x00000000d5eac578,0x00000000d5f00000)
  to   space 1024K, 0% used [0x00000000d5f00000,0x00000000d5f00000,0x00000000d6000000)
 ParOldGen       total 93696K, used 93341K [0x0000000080000000, 0x0000000085b80000, 0x00000000d5580000)
  object space 93696K, 99% used [0x0000000080000000,0x0000000085b27510,0x0000000085b80000)
 Metaspace       used 85687K, committed 87360K, reserved 1179648K
  class space    used 9584K, committed 10304K, reserved 1048576K
}
Event: 8372.258 GC heap before
{Heap before GC invocations=89 (full 3):
 PSYoungGen      total 9216K, used 8881K [0x00000000d5580000, 0x00000000d6000000, 0x0000000100000000)
  eden space 8192K, 100% used [0x00000000d5580000,0x00000000d5d80000,0x00000000d5d80000)
  from space 1024K, 67% used [0x00000000d5e00000,0x00000000d5eac578,0x00000000d5f00000)
  to   space 1024K, 0% used [0x00000000d5f00000,0x00000000d5f00000,0x00000000d6000000)
 ParOldGen       total 93696K, used 93341K [0x0000000080000000, 0x0000000085b80000, 0x00000000d5580000)
  object space 93696K, 99% used [0x0000000080000000,0x0000000085b27510,0x0000000085b80000)
 Metaspace       used 85698K, committed 87424K, reserved 1179648K
  class space    used 9584K, committed 10304K, reserved 1048576K
}
Event: 8372.259 GC heap after
{Heap after GC invocations=89 (full 3):
 PSYoungGen      total 9216K, used 1009K [0x00000000d5580000, 0x00000000d6080000, 0x0000000100000000)
  eden space 8192K, 0% used [0x00000000d5580000,0x00000000d5580000,0x00000000d5d80000)
  from space 1024K, 98% used [0x00000000d5f00000,0x00000000d5ffc598,0x00000000d6000000)
  to   space 1536K, 0% used [0x00000000d5d80000,0x00000000d5d80000,0x00000000d5f00000)
 ParOldGen       total 94208K, used 93709K [0x0000000080000000, 0x0000000085c00000, 0x00000000d5580000)
  object space 94208K, 99% used [0x0000000080000000,0x0000000085b83510,0x0000000085c00000)
 Metaspace       used 85698K, committed 87424K, reserved 1179648K
  class space    used 9584K, committed 10304K, reserved 1048576K
}

